2022-09-21 11:17:02.155  INFO 4544 --- [restartedMain] com.onm.OnmApplication                   : Starting OnmApplication using Java 17.0.2 on inlen8520019203 with PID 4544 (C:\Users\GOPLAKSH\Desktop\Online Nursery Management project documents\onmproject~\onm\target\classes started by goplaksh in C:\Users\GOPLAKSH\Desktop\Online Nursery Management project documents\onmproject~\onm)
2022-09-21 11:17:02.160  INFO 4544 --- [restartedMain] com.onm.OnmApplication                   : No active profile set, falling back to 1 default profile: "default"
2022-09-21 11:17:02.203  INFO 4544 --- [restartedMain] .e.DevToolsPropertyDefaultsPostProcessor : Devtools property defaults active! Set 'spring.devtools.add-properties' to 'false' to disable
2022-09-21 11:17:02.205  INFO 4544 --- [restartedMain] .e.DevToolsPropertyDefaultsPostProcessor : For additional web related logging consider setting the 'logging.level.web' property to 'DEBUG'
2022-09-21 11:17:02.666  INFO 4544 --- [restartedMain] .s.d.r.c.RepositoryConfigurationDelegate : Bootstrapping Spring Data JPA repositories in DEFAULT mode.
2022-09-21 11:17:02.711  INFO 4544 --- [restartedMain] .s.d.r.c.RepositoryConfigurationDelegate : Finished Spring Data repository scanning in 38 ms. Found 4 JPA repository interfaces.
2022-09-21 11:17:03.122  INFO 4544 --- [restartedMain] o.s.b.w.embedded.tomcat.TomcatWebServer  : Tomcat initialized with port(s): 8080 (http)
2022-09-21 11:17:03.130  INFO 4544 --- [restartedMain] o.apache.catalina.core.StandardService   : Starting service [Tomcat]
2022-09-21 11:17:03.130  INFO 4544 --- [restartedMain] org.apache.catalina.core.StandardEngine  : Starting Servlet engine: [Apache Tomcat/9.0.64]
2022-09-21 11:17:03.194  INFO 4544 --- [restartedMain] o.a.c.c.C.[Tomcat].[localhost].[/]       : Initializing Spring embedded WebApplicationContext
2022-09-21 11:17:03.194  INFO 4544 --- [restartedMain] w.s.c.ServletWebServerApplicationContext : Root WebApplicationContext: initialization completed in 989 ms
2022-09-21 11:17:03.372  INFO 4544 --- [restartedMain] o.hibernate.jpa.internal.util.LogHelper  : HHH000204: Processing PersistenceUnitInfo [name: default]
2022-09-21 11:17:03.422  INFO 4544 --- [restartedMain] org.hibernate.Version                    : HHH000412: Hibernate ORM core version 5.6.9.Final
2022-09-21 11:17:03.597  INFO 4544 --- [restartedMain] o.hibernate.annotations.common.Version   : HCANN000001: Hibernate Commons Annotations {5.1.2.Final}
2022-09-21 11:17:03.683  INFO 4544 --- [restartedMain] com.zaxxer.hikari.HikariDataSource       : HikariPool-1 - Starting...
2022-09-21 11:17:03.855  INFO 4544 --- [restartedMain] com.zaxxer.hikari.HikariDataSource       : HikariPool-1 - Start completed.
2022-09-21 11:17:03.882  INFO 4544 --- [restartedMain] org.hibernate.dialect.Dialect            : HHH000400: Using dialect: org.hibernate.dialect.PostgreSQL95Dialect
2022-09-21 11:17:04.552  INFO 4544 --- [restartedMain] o.h.e.t.j.p.i.JtaPlatformInitiator       : HHH000490: Using JtaPlatform implementation: [org.hibernate.engine.transaction.jta.platform.internal.NoJtaPlatform]
2022-09-21 11:17:04.561  INFO 4544 --- [restartedMain] j.LocalContainerEntityManagerFactoryBean : Initialized JPA EntityManagerFactory for persistence unit 'default'
2022-09-21 11:17:04.996  WARN 4544 --- [restartedMain] JpaBaseConfiguration$JpaWebConfiguration : spring.jpa.open-in-view is enabled by default. Therefore, database queries may be performed during view rendering. Explicitly configure spring.jpa.open-in-view to disable this warning
2022-09-21 11:17:05.278  INFO 4544 --- [restartedMain] o.s.b.d.a.OptionalLiveReloadServer       : LiveReload server is running on port 35729
2022-09-21 11:17:05.314  INFO 4544 --- [restartedMain] o.s.b.w.embedded.tomcat.TomcatWebServer  : Tomcat started on port(s): 8080 (http) with context path ''
2022-09-21 11:17:05.324  INFO 4544 --- [restartedMain] com.onm.OnmApplication                   : Started OnmApplication in 3.459 seconds (JVM running for 4.211)
2022-09-21 12:48:34.292  WARN 4544 --- [HikariPool-1 housekeeper] com.zaxxer.hikari.pool.HikariPool        : HikariPool-1 - Thread starvation or clock leap detected (housekeeper delta=55m59s753ms323µs700ns).
2022-09-21 17:41:05.324  INFO 4544 --- [RMI TCP Connection(341)-127.0.0.1] inMXBeanRegistrar$SpringApplicationAdmin : Application shutdown requested.
2022-09-21 17:41:05.404  INFO 4544 --- [RMI TCP Connection(341)-127.0.0.1] j.LocalContainerEntityManagerFactoryBean : Closing JPA EntityManagerFactory for persistence unit 'default'
2022-09-21 17:41:05.425  INFO 4544 --- [RMI TCP Connection(341)-127.0.0.1] com.zaxxer.hikari.HikariDataSource       : HikariPool-1 - Shutdown initiated...
2022-09-21 17:41:05.437  INFO 4544 --- [RMI TCP Connection(341)-127.0.0.1] com.zaxxer.hikari.HikariDataSource       : HikariPool-1 - Shutdown completed.
